source code/322/Restaurant-Finder-master/app/build/outputs/logs/manifest-merger-debug-report.txt
-- Merging decision tree log ---
manifest
ADDED from src\main\AndroidManifest.xml:1:1-86:12
	xmlns:android
		ADDED from src\main\AndroidManifest.xml:1:11-69
	package
		ADDED from src\main\AndroidManifest.xml:2:5-41
		INJECTED from src\main\AndroidManifest.xml
		INJECTED from src\main\AndroidManifest.xml
	android:versionName
		ADDED from src\main\AndroidManifest.xml:4:5-30
		INJECTED from src\main\AndroidManifest.xml
		INJECTED from src\main\AndroidManifest.xml
	android:versionCode
		ADDED from src\main\AndroidManifest.xml:3:5-28
		INJECTED from src\main\AndroidManifest.xml
		INJECTED from src\main\AndroidManifest.xml
uses-sdk
ADDED from src\main\AndroidManifest.xml:6:5-8:41
	android:targetSdkVersion
		ADDED from src\main\AndroidManifest.xml:8:9-38
		INJECTED from src\main\AndroidManifest.xml
		INJECTED from src\main\AndroidManifest.xml
	android:minSdkVersion
		ADDED from src\main\AndroidManifest.xml:7:9-35
		INJECTED from src\main\AndroidManifest.xml
		INJECTED from src\main\AndroidManifest.xml
uses-permission#android.permission.INTERNET
ADDED from src\main\AndroidManifest.xml:9:2-63
	android:name
		ADDED from src\main\AndroidManifest.xml:9:19-61
uses-permission#android.permission.ACCESS_COARSE_LOCATION
ADDED from src\main\AndroidManifest.xml:10:2-77
	android:name
		ADDED from src\main\AndroidManifest.xml:10:19-75
uses-permission#android.permission.ACCESS_FINE_LOCATION
ADDED from src\main\AndroidManifest.xml:11:2-75
	android:name
		ADDED from src\main\AndroidManifest.xml:11:19-73
uses-permission#android.permission.CAMERA
ADDED from src\main\AndroidManifest.xml:13:2-62
	android:name
		ADDED from src\main\AndroidManifest.xml:13:19-59
uses-feature#android.hardware.camera
ADDED from src\main\AndroidManifest.xml:14:2-57
	android:name
		ADDED from src\main\AndroidManifest.xml:14:16-54
uses-feature#android.hardware.camera.autofocus
ADDED from src\main\AndroidManifest.xml:15:3-68
	android:name
		ADDED from src\main\AndroidManifest.xml:15:17-65
uses-permission#android.permission.WRITE_EXTERNAL_STORAGE
ADDED from src\main\AndroidManifest.xml:17:3-79
	android:name
		ADDED from src\main\AndroidManifest.xml:17:20-76
uses-permission#android.permission.MOUNT_UNMOUNT_FILESYSTEMS
ADDED from src\main\AndroidManifest.xml:18:2-81
	android:name
		ADDED from src\main\AndroidManifest.xml:18:19-78
uses-permission#android.permission.VIBRATE
ADDED from src\main\AndroidManifest.xml:19:2-63
	android:name
		ADDED from src\main\AndroidManifest.xml:19:19-60
uses-permission#android.permission.GET_ACCOUNTS
ADDED from src\main\AndroidManifest.xml:23:2-24:58
	android:name
		ADDED from src\main\AndroidManifest.xml:24:9-55
uses-permission#android.permission.USE_CREDENTIALS
ADDED from src\main\AndroidManifest.xml:25:5-26:61
	android:name
		ADDED from src\main\AndroidManifest.xml:26:9-58
uses-permission#android.permission.MANAGE_ACCOUNTS
ADDED from src\main\AndroidManifest.xml:27:5-28:61
	android:name
		ADDED from src\main\AndroidManifest.xml:28:9-58
uses-permission#android.permission.AUTHENTICATE_ACCOUNTS
ADDED from src\main\AndroidManifest.xml:29:5-30:67
	android:name
		ADDED from src\main\AndroidManifest.xml:30:9-64
uses-permission#android.permission.WRITE_SETTINGS
ADDED from src\main\AndroidManifest.xml:33:5-34:60
	android:name
		ADDED from src\main\AndroidManifest.xml:34:9-57
uses-permission#android.permission.WRITE_SECURE_SETTINGS
ADDED from src\main\AndroidManifest.xml:35:5-36:67
	android:name
		ADDED from src\main\AndroidManifest.xml:36:9-64
uses-permission#android.permission.READ_CONTACTS
ADDED from src\main\AndroidManifest.xml:37:5-38:59
	android:name
		ADDED from src\main\AndroidManifest.xml:38:9-56
uses-permission#android.permission.WRITE_CONTACTS
ADDED from src\main\AndroidManifest.xml:39:5-40:60
	android:name
		ADDED from src\main\AndroidManifest.xml:40:9-57
uses-permission#android.permission.READ_SYNC_STATS
ADDED from src\main\AndroidManifest.xml:41:5-42:61
	android:name
		ADDED from src\main\AndroidManifest.xml:42:9-58
uses-permission#android.permission.READ_SYNC_SETTINGS
ADDED from src\main\AndroidManifest.xml:43:5-44:64
	android:name
		ADDED from src\main\AndroidManifest.xml:44:9-61
uses-permission#android.permission.WRITE_SYNC_SETTINGS
ADDED from src\main\AndroidManifest.xml:45:5-46:65
	android:name
		ADDED from src\main\AndroidManifest.xml:46:9-62
application
ADDED from src\main\AndroidManifest.xml:49:5-84:19
	android:label
		ADDED from src\main\AndroidManifest.xml:51:9-41
	android:icon
		ADDED from src\main\AndroidManifest.xml:50:9-38
	android:theme
		ADDED from src\main\AndroidManifest.xml:52:9-40
uses-library#com.google.android.maps
ADDED from src\main\AndroidManifest.xml:54:9-63
	android:name
		ADDED from src\main\AndroidManifest.xml:54:23-61
activity#edu.cmu.android.restaurant.LoginActivity
ADDED from src\main\AndroidManifest.xml:56:9-64:20
	android:label
		ADDED from src\main\AndroidManifest.xml:58:13-45
	android:name
		ADDED from src\main\AndroidManifest.xml:57:13-42
intent-filter#android.intent.action.MAIN+android.intent.category.LAUNCHER
ADDED from src\main\AndroidManifest.xml:59:13-63:29
action#android.intent.action.MAIN
ADDED from src\main\AndroidManifest.xml:60:17-69
	android:name
		ADDED from src\main\AndroidManifest.xml:60:25-66
category#android.intent.category.LAUNCHER
ADDED from src\main\AndroidManifest.xml:62:17-77
	android:name
		ADDED from src\main\AndroidManifest.xml:62:27-74
activity#edu.cmu.android.restaurant.MyMapActivity
ADDED from src\main\AndroidManifest.xml:65:9-68:20
	android:label
		ADDED from src\main\AndroidManifest.xml:67:13-57
	android:name
		ADDED from src\main\AndroidManifest.xml:66:13-68
activity#edu.cmu.android.restaurant.TabHostActivity
ADDED from src\main\AndroidManifest.xml:69:9-73:20
	android:label
		ADDED from src\main\AndroidManifest.xml:71:13-60
	android:theme
		ADDED from src\main\AndroidManifest.xml:72:13-60
	android:name
		ADDED from src\main\AndroidManifest.xml:70:13-44
service#edu.cmu.android.restaurant.authentication.AuthenticationService
ADDED from src\main\AndroidManifest.xml:75:3-81:13
	android:name
		ADDED from src\main\AndroidManifest.xml:75:12-64
intent-filter#android.accounts.AccountAuthenticator
ADDED from src\main\AndroidManifest.xml:76:5-78:23
action#android.accounts.AccountAuthenticator
ADDED from src\main\AndroidManifest.xml:77:9-72
	android:name
		ADDED from src\main\AndroidManifest.xml:77:17-69
meta-data#android.accounts.AccountAuthenticator
ADDED from src\main\AndroidManifest.xml:79:7-80:54
	android:resource
		ADDED from src\main\AndroidManifest.xml:80:14-51
	android:name
		ADDED from src\main\AndroidManifest.xml:79:18-70